<?xml version="1.0" encoding="UTF-8"?>
<!-- Generated by org.testng.reporters.JUnitReportReporter -->
<testsuite hostname="DHARMESH-EROAM" failures="0" tests="1" name="tests.TestTrainBooking" time="52.582" errors="0" timestamp="2025-08-01T22:35:55 IST" skipped="0">
  <testcase classname="tests.TestTrainBooking" name="trainBookingFlow" time="52.582"/>
  <system-out/>
</testsuite> <!-- tests.TestTrainBooking -->
